<?xml version="1.0" encoding="UTF-8"?>
<testng-results ignored="0" total="1" passed="1" failed="0" skipped="0">
  <reporter-output>
  </reporter-output>
  <suite started-at="2024-03-16T13:43:26 IST" name="Default suite" finished-at="2024-03-16T13:43:33 IST" duration-ms="7507">
    <groups>
    </groups>
    <test started-at="2024-03-16T13:43:26 IST" name="Default test" finished-at="2024-03-16T13:43:33 IST" duration-ms="7507">
      <class name="Basic.OrganizationsTest">
        <test-method signature="CreateOrganizationTest()[pri:0, instance:Basic.OrganizationsTest@72057ecf]" started-at="2024-03-16T13:43:26 IST" name="CreateOrganizationTest" finished-at="2024-03-16T13:43:33 IST" duration-ms="7439" status="PASS">
          <reporter-output>
          </reporter-output>
        </test-method> <!-- CreateOrganizationTest -->
      </class> <!-- Basic.OrganizationsTest -->
    </test> <!-- Default test -->
  </suite> <!-- Default suite -->
</testng-results>
